<?xml version="1.0" encoding="UTF-8" ?>
<testsuite failures="0" time="0.355" errors="0" skipped="0" tests="5" name="org.calrissian.blobstore.impl.AccumuloBlobStoreTest">
  <properties>
    <property name="java.runtime.name" value="Java(TM) SE Runtime Environment"/>
    <property name="sun.boot.library.path" value="/System/Library/Java/JavaVirtualMachines/1.6.0.jdk/Contents/Libraries"/>
    <property name="java.vm.version" value="20.12-b01-434"/>
    <property name="awt.nativeDoubleBuffering" value="true"/>
    <property name="gopherProxySet" value="false"/>
    <property name="mrj.build" value="11M3909"/>
    <property name="java.vm.vendor" value="Apple Inc."/>
    <property name="java.vendor.url" value="http://www.apple.com/"/>
    <property name="path.separator" value=":"/>
    <property name="java.vm.name" value="Java HotSpot(TM) 64-Bit Server VM"/>
    <property name="file.encoding.pkg" value="sun.io"/>
    <property name="user.country" value="US"/>
    <property name="sun.java.launcher" value="SUN_STANDARD"/>
    <property name="sun.os.patch.level" value="unknown"/>
    <property name="java.vm.specification.name" value="Java Virtual Machine Specification"/>
    <property name="user.dir" value="/workspace/accumulo-recipes/store/blob-store"/>
    <property name="java.runtime.version" value="1.6.0_37-b06-434-11M3909"/>
    <property name="java.awt.graphicsenv" value="apple.awt.CGraphicsEnvironment"/>
    <property name="basedir" value="/workspace/accumulo-recipes/store/blob-store"/>
    <property name="java.endorsed.dirs" value="/System/Library/Java/JavaVirtualMachines/1.6.0.jdk/Contents/Home/lib/endorsed"/>
    <property name="os.arch" value="x86_64"/>
    <property name="surefire.real.class.path" value="/workspace/accumulo-recipes/store/blob-store/target/surefire/surefirebooter6597519130474496609.jar"/>
    <property name="java.io.tmpdir" value="/var/folders/gd/g7nzrkn177b3jn2t8m32cj8jxnwyqz/T/"/>
    <property name="line.separator" value="
"/>
    <property name="java.vm.specification.vendor" value="Sun Microsystems Inc."/>
    <property name="os.name" value="Mac OS X"/>
    <property name="sun.jnu.encoding" value="MacRoman"/>
    <property name="java.library.path" value=".:/Library/Java/Extensions:/System/Library/Java/Extensions:/usr/lib/java"/>
    <property name="surefire.test.class.path" value="/workspace/accumulo-recipes/store/blob-store/target/test-classes:/workspace/accumulo-recipes/store/blob-store/target/classes:/Users/cnolet/.m2/repository/mango/mango-types/1.0.3-SNAPSHOT/mango-types-1.0.3-SNAPSHOT.jar:/Users/cnolet/.m2/repository/commons-net/commons-net/3.0.1/commons-net-3.0.1.jar:/Users/cnolet/.m2/repository/junit/junit/4.8.1/junit-4.8.1.jar:/Users/cnolet/.m2/repository/org/apache/accumulo/accumulo-core/1.4.1/accumulo-core-1.4.1.jar:/Users/cnolet/.m2/repository/log4j/log4j/1.2.16/log4j-1.2.16.jar:/Users/cnolet/.m2/repository/org/slf4j/slf4j-log4j12/1.6.4/slf4j-log4j12-1.6.4.jar:/Users/cnolet/.m2/repository/commons-collections/commons-collections/3.2/commons-collections-3.2.jar:/Users/cnolet/.m2/repository/org/apache/thrift/libthrift/0.6.1/libthrift-0.6.1.jar:/Users/cnolet/.m2/repository/javax/servlet/servlet-api/2.5/servlet-api-2.5.jar:/Users/cnolet/.m2/repository/org/apache/httpcomponents/httpclient/4.0.1/httpclient-4.0.1.jar:/Users/cnolet/.m2/repository/org/apache/httpcomponents/httpcore/4.0.1/httpcore-4.0.1.jar:/Users/cnolet/.m2/repository/org/apache/accumulo/accumulo-start/1.4.1/accumulo-start-1.4.1.jar:/Users/cnolet/.m2/repository/commons-logging/commons-logging-api/1.0.4/commons-logging-api-1.0.4.jar:/Users/cnolet/.m2/repository/commons-logging/commons-logging/1.0.4/commons-logging-1.0.4.jar:/Users/cnolet/.m2/repository/org/apache/commons/commons-jci-core/1.0/commons-jci-core-1.0.jar:/Users/cnolet/.m2/repository/org/apache/commons/commons-jci-fam/1.0/commons-jci-fam-1.0.jar:/Users/cnolet/.m2/repository/commons-io/commons-io/1.4/commons-io-1.4.jar:/Users/cnolet/.m2/repository/org/apache/accumulo/cloudtrace/1.4.1/cloudtrace-1.4.1.jar:/Users/cnolet/.m2/repository/jline/jline/0.9.94/jline-0.9.94.jar:/Users/cnolet/.m2/repository/commons-lang/commons-lang/2.4/commons-lang-2.4.jar:/Users/cnolet/.m2/repository/org/apache/hadoop/hadoop-core/0.20.2/hadoop-core-0.20.2.jar:/Users/cnolet/.m2/repository/commons-cli/commons-cli/1.2/commons-cli-1.2.jar:/Users/cnolet/.m2/repository/xmlenc/xmlenc/0.52/xmlenc-0.52.jar:/Users/cnolet/.m2/repository/commons-httpclient/commons-httpclient/3.0.1/commons-httpclient-3.0.1.jar:/Users/cnolet/.m2/repository/org/mortbay/jetty/jetty/6.1.14/jetty-6.1.14.jar:/Users/cnolet/.m2/repository/org/mortbay/jetty/jetty-util/6.1.14/jetty-util-6.1.14.jar:/Users/cnolet/.m2/repository/tomcat/jasper-runtime/5.5.12/jasper-runtime-5.5.12.jar:/Users/cnolet/.m2/repository/tomcat/jasper-compiler/5.5.12/jasper-compiler-5.5.12.jar:/Users/cnolet/.m2/repository/org/mortbay/jetty/jsp-api-2.1/6.1.14/jsp-api-2.1-6.1.14.jar:/Users/cnolet/.m2/repository/org/mortbay/jetty/jsp-2.1/6.1.14/jsp-2.1-6.1.14.jar:/Users/cnolet/.m2/repository/ant/ant/1.6.5/ant-1.6.5.jar:/Users/cnolet/.m2/repository/commons-el/commons-el/1.0/commons-el-1.0.jar:/Users/cnolet/.m2/repository/net/java/dev/jets3t/jets3t/0.7.1/jets3t-0.7.1.jar:/Users/cnolet/.m2/repository/org/mortbay/jetty/servlet-api-2.5/6.1.14/servlet-api-2.5-6.1.14.jar:/Users/cnolet/.m2/repository/net/sf/kosmosfs/kfs/0.3/kfs-0.3.jar:/Users/cnolet/.m2/repository/hsqldb/hsqldb/1.8.0.10/hsqldb-1.8.0.10.jar:/Users/cnolet/.m2/repository/oro/oro/2.0.8/oro-2.0.8.jar:/Users/cnolet/.m2/repository/org/eclipse/jdt/core/3.1.1/core-3.1.1.jar:/Users/cnolet/.m2/repository/org/slf4j/slf4j-simple/1.6.4/slf4j-simple-1.6.4.jar:/Users/cnolet/.m2/repository/org/slf4j/slf4j-api/1.6.4/slf4j-api-1.6.4.jar:/Users/cnolet/.m2/repository/commons-codec/commons-codec/1.7/commons-codec-1.7.jar:"/>
    <property name="java.specification.name" value="Java Platform API Specification"/>
    <property name="java.class.version" value="50.0"/>
    <property name="sun.management.compiler" value="HotSpot 64-Bit Tiered Compilers"/>
    <property name="os.version" value="10.7.5"/>
    <property name="http.nonProxyHosts" value="local|*.local|169.254/16|*.169.254/16"/>
    <property name="user.home" value="/Users/cnolet"/>
    <property name="user.timezone" value="America/New_York"/>
    <property name="java.awt.printerjob" value="apple.awt.CPrinterJob"/>
    <property name="java.specification.version" value="1.6"/>
    <property name="file.encoding" value="MacRoman"/>
    <property name="user.name" value="cnolet"/>
    <property name="java.class.path" value="/workspace/accumulo-recipes/store/blob-store/target/test-classes:/workspace/accumulo-recipes/store/blob-store/target/classes:/Users/cnolet/.m2/repository/mango/mango-types/1.0.3-SNAPSHOT/mango-types-1.0.3-SNAPSHOT.jar:/Users/cnolet/.m2/repository/commons-net/commons-net/3.0.1/commons-net-3.0.1.jar:/Users/cnolet/.m2/repository/junit/junit/4.8.1/junit-4.8.1.jar:/Users/cnolet/.m2/repository/org/apache/accumulo/accumulo-core/1.4.1/accumulo-core-1.4.1.jar:/Users/cnolet/.m2/repository/log4j/log4j/1.2.16/log4j-1.2.16.jar:/Users/cnolet/.m2/repository/org/slf4j/slf4j-log4j12/1.6.4/slf4j-log4j12-1.6.4.jar:/Users/cnolet/.m2/repository/commons-collections/commons-collections/3.2/commons-collections-3.2.jar:/Users/cnolet/.m2/repository/org/apache/thrift/libthrift/0.6.1/libthrift-0.6.1.jar:/Users/cnolet/.m2/repository/javax/servlet/servlet-api/2.5/servlet-api-2.5.jar:/Users/cnolet/.m2/repository/org/apache/httpcomponents/httpclient/4.0.1/httpclient-4.0.1.jar:/Users/cnolet/.m2/repository/org/apache/httpcomponents/httpcore/4.0.1/httpcore-4.0.1.jar:/Users/cnolet/.m2/repository/org/apache/accumulo/accumulo-start/1.4.1/accumulo-start-1.4.1.jar:/Users/cnolet/.m2/repository/commons-logging/commons-logging-api/1.0.4/commons-logging-api-1.0.4.jar:/Users/cnolet/.m2/repository/commons-logging/commons-logging/1.0.4/commons-logging-1.0.4.jar:/Users/cnolet/.m2/repository/org/apache/commons/commons-jci-core/1.0/commons-jci-core-1.0.jar:/Users/cnolet/.m2/repository/org/apache/commons/commons-jci-fam/1.0/commons-jci-fam-1.0.jar:/Users/cnolet/.m2/repository/commons-io/commons-io/1.4/commons-io-1.4.jar:/Users/cnolet/.m2/repository/org/apache/accumulo/cloudtrace/1.4.1/cloudtrace-1.4.1.jar:/Users/cnolet/.m2/repository/jline/jline/0.9.94/jline-0.9.94.jar:/Users/cnolet/.m2/repository/commons-lang/commons-lang/2.4/commons-lang-2.4.jar:/Users/cnolet/.m2/repository/org/apache/hadoop/hadoop-core/0.20.2/hadoop-core-0.20.2.jar:/Users/cnolet/.m2/repository/commons-cli/commons-cli/1.2/commons-cli-1.2.jar:/Users/cnolet/.m2/repository/xmlenc/xmlenc/0.52/xmlenc-0.52.jar:/Users/cnolet/.m2/repository/commons-httpclient/commons-httpclient/3.0.1/commons-httpclient-3.0.1.jar:/Users/cnolet/.m2/repository/org/mortbay/jetty/jetty/6.1.14/jetty-6.1.14.jar:/Users/cnolet/.m2/repository/org/mortbay/jetty/jetty-util/6.1.14/jetty-util-6.1.14.jar:/Users/cnolet/.m2/repository/tomcat/jasper-runtime/5.5.12/jasper-runtime-5.5.12.jar:/Users/cnolet/.m2/repository/tomcat/jasper-compiler/5.5.12/jasper-compiler-5.5.12.jar:/Users/cnolet/.m2/repository/org/mortbay/jetty/jsp-api-2.1/6.1.14/jsp-api-2.1-6.1.14.jar:/Users/cnolet/.m2/repository/org/mortbay/jetty/jsp-2.1/6.1.14/jsp-2.1-6.1.14.jar:/Users/cnolet/.m2/repository/ant/ant/1.6.5/ant-1.6.5.jar:/Users/cnolet/.m2/repository/commons-el/commons-el/1.0/commons-el-1.0.jar:/Users/cnolet/.m2/repository/net/java/dev/jets3t/jets3t/0.7.1/jets3t-0.7.1.jar:/Users/cnolet/.m2/repository/org/mortbay/jetty/servlet-api-2.5/6.1.14/servlet-api-2.5-6.1.14.jar:/Users/cnolet/.m2/repository/net/sf/kosmosfs/kfs/0.3/kfs-0.3.jar:/Users/cnolet/.m2/repository/hsqldb/hsqldb/1.8.0.10/hsqldb-1.8.0.10.jar:/Users/cnolet/.m2/repository/oro/oro/2.0.8/oro-2.0.8.jar:/Users/cnolet/.m2/repository/org/eclipse/jdt/core/3.1.1/core-3.1.1.jar:/Users/cnolet/.m2/repository/org/slf4j/slf4j-simple/1.6.4/slf4j-simple-1.6.4.jar:/Users/cnolet/.m2/repository/org/slf4j/slf4j-api/1.6.4/slf4j-api-1.6.4.jar:/Users/cnolet/.m2/repository/commons-codec/commons-codec/1.7/commons-codec-1.7.jar:"/>
    <property name="java.vm.specification.version" value="1.0"/>
    <property name="sun.arch.data.model" value="64"/>
    <property name="java.home" value="/System/Library/Java/JavaVirtualMachines/1.6.0.jdk/Contents/Home"/>
    <property name="sun.java.command" value="/workspace/accumulo-recipes/store/blob-store/target/surefire/surefirebooter6597519130474496609.jar /workspace/accumulo-recipes/store/blob-store/target/surefire/surefire4509255203900655782tmp /workspace/accumulo-recipes/store/blob-store/target/surefire/surefire6139556502973095341tmp"/>
    <property name="java.specification.vendor" value="Sun Microsystems Inc."/>
    <property name="user.language" value="en"/>
    <property name="awt.toolkit" value="apple.awt.CToolkit"/>
    <property name="java.vm.info" value="mixed mode"/>
    <property name="java.version" value="1.6.0_37"/>
    <property name="java.ext.dirs" value="/Library/Java/Extensions:/System/Library/Java/Extensions:/System/Library/Java/JavaVirtualMachines/1.6.0.jdk/Contents/Home/lib/ext"/>
    <property name="sun.boot.class.path" value="/System/Library/Java/JavaVirtualMachines/1.6.0.jdk/Contents/Classes/jsfd.jar:/System/Library/Java/JavaVirtualMachines/1.6.0.jdk/Contents/Classes/classes.jar:/System/Library/Frameworks/JavaVM.framework/Frameworks/JavaRuntimeSupport.framework/Resources/Java/JavaRuntimeSupport.jar:/System/Library/Java/JavaVirtualMachines/1.6.0.jdk/Contents/Classes/ui.jar:/System/Library/Java/JavaVirtualMachines/1.6.0.jdk/Contents/Classes/laf.jar:/System/Library/Java/JavaVirtualMachines/1.6.0.jdk/Contents/Classes/sunrsasign.jar:/System/Library/Java/JavaVirtualMachines/1.6.0.jdk/Contents/Classes/jsse.jar:/System/Library/Java/JavaVirtualMachines/1.6.0.jdk/Contents/Classes/jce.jar:/System/Library/Java/JavaVirtualMachines/1.6.0.jdk/Contents/Classes/charsets.jar"/>
    <property name="java.vendor" value="Apple Inc."/>
    <property name="localRepository" value="/Users/cnolet/.m2/repository"/>
    <property name="file.separator" value="/"/>
    <property name="java.vendor.url.bug" value="http://bugreport.apple.com/"/>
    <property name="sun.cpu.endian" value="little"/>
    <property name="sun.io.unicode.encoding" value="UnicodeLittle"/>
    <property name="mrj.version" value="1070.1.6.0_37-434"/>
    <property name="socksNonProxyHosts" value="local|*.local|169.254/16|*.169.254/16"/>
    <property name="ftp.nonProxyHosts" value="local|*.local|169.254/16|*.169.254/16"/>
    <property name="sun.cpu.isalist" value=""/>
  </properties>
  <testcase time="0.217" classname="org.calrissian.blobstore.impl.AccumuloBlobStoreTest" name="testPut_PersistsSingleSequenceItem"/>
  <testcase time="0.004" classname="org.calrissian.blobstore.impl.AccumuloBlobStoreTest" name="testPut_PersistsMultipleSequenceItem"/>
  <testcase time="0.079" classname="org.calrissian.blobstore.impl.AccumuloBlobStoreTest" name="testGet_SingleSequenceItem"/>
  <testcase time="0.018" classname="org.calrissian.blobstore.impl.AccumuloBlobStoreTest" name="testGet_MultipleSequenceItems"/>
  <testcase time="0.004" classname="org.calrissian.blobstore.impl.AccumuloBlobStoreTest" name="testGet_WithHeaders"/>
</testsuite>